<?xml version="1.0" encoding="UTF-8"?>
<testng-results ignored="0" total="1" passed="1" failed="0" skipped="0">
  <reporter-output>
  </reporter-output>
  <suite started-at="2023-08-18T09:20:59 CEST" name="Default suite" finished-at="2023-08-18T09:21:16 CEST" duration-ms="16716">
    <groups>
    </groups>
    <test started-at="2023-08-18T09:20:59 CEST" name="Default test" finished-at="2023-08-18T09:21:16 CEST" duration-ms="16716">
      <class name="suadatest.Filtering">
        <test-method signature="filter()[pri:0, instance:suadatest.Filtering@6f53b8a]" started-at="2023-08-18T09:20:59 CEST" name="filter" finished-at="2023-08-18T09:21:16 CEST" duration-ms="16668" status="PASS">
          <reporter-output>
          </reporter-output>
        </test-method> <!-- filter -->
      </class> <!-- suadatest.Filtering -->
    </test> <!-- Default test -->
  </suite> <!-- Default suite -->
</testng-results>
